<?xml version="1.0" encoding="UTF-8"?>
<coverage generated="1754423791407" clover="3.2.0">
  <project timestamp="1754423791407" name="All files">
    <metrics statements="8" coveredstatements="8" conditionals="0" coveredconditionals="0" methods="5" coveredmethods="5" elements="13" coveredelements="13" complexity="0" loc="8" ncloc="8" packages="1" files="2" classes="2"/>
    <file name="GameSaving.js" path="/Users/user/Desktop/homework14/src/GameSaving.js">
      <metrics statements="3" coveredstatements="3" conditionals="0" coveredconditionals="0" methods="1" coveredmethods="1"/>
      <line num="3" count="1" type="stmt"/>
      <line num="4" count="1" type="stmt"/>
      <line num="5" count="1" type="stmt"/>
    </file>
    <file name="GameSavingLoader.js" path="/Users/user/Desktop/homework14/src/GameSavingLoader.js">
      <metrics statements="5" coveredstatements="5" conditionals="0" coveredconditionals="0" methods="4" coveredmethods="4"/>
      <line num="7" count="2" type="stmt"/>
      <line num="8" count="2" type="stmt"/>
      <line num="10" count="2" type="stmt"/>
      <line num="11" count="1" type="stmt"/>
      <line num="14" count="1" type="stmt"/>
    </file>
  </project>
</coverage>
