{"/Users/user/Desktop/homework14/src/GameSaving.js": {"path":"/Users/user/Desktop/homework14/src/GameSaving.js","statementMap":{"0":{"start":{"line":3,"column":4},"end":{"line":3,"column":22}},"1":{"start":{"line":4,"column":4},"end":{"line":4,"column":32}},"2":{"start":{"line":5,"column":4},"end":{"line":10,"column":6}}},"fnMap":{"0":{"name":"(anonymous_0)","decl":{"start":{"line":2,"column":2},"end":{"line":2,"column":3}},"loc":{"start":{"line":2,"column":20},"end":{"line":11,"column":3}},"line":2}},"branchMap":{},"s":{"0":2,"1":2,"2":2},"f":{"0":2},"b":{},"_coverageSchema":"1a1c01bbd47fc00a2c39e90264f33305004495a9","hash":"3ad574d9ec299ddf24250644b018dc62b0c29e58"}
,"/Users/user/Desktop/homework14/src/GameSavingLoader.js": {"path":"/Users/user/Desktop/homework14/src/GameSavingLoader.js","statementMap":{"0":{"start":{"line":7,"column":4},"end":{"line":14,"column":5}},"1":{"start":{"line":8,"column":19},"end":{"line":8,"column":31}},"2":{"start":{"line":9,"column":23},"end":{"line":9,"column":39}},"3":{"start":{"line":10,"column":25},"end":{"line":10,"column":45}},"4":{"start":{"line":11,"column":6},"end":{"line":11,"column":40}},"5":{"start":{"line":13,"column":6},"end":{"line":13,"column":62}}},"fnMap":{"0":{"name":"(anonymous_0)","decl":{"start":{"line":6,"column":2},"end":{"line":6,"column":3}},"loc":{"start":{"line":6,"column":22},"end":{"line":15,"column":3}},"line":6}},"branchMap":{},"s":{"0":3,"1":3,"2":2,"3":2,"4":2,"5":1},"f":{"0":3},"b":{},"_coverageSchema":"1a1c01bbd47fc00a2c39e90264f33305004495a9","hash":"c6320e6f5ae8e807fd7f9571419e4983e29ae522"}
}
